https://dogbolt.org/

int main()
{
    char *v0;  // [bp-0x10], Other Possible Types: unsigned int
    unsigned int v1;  // [bp-0xc]

    if (getuid() == 4242)
    {
        v0 = ft_des("boe]!ai0FB@.:|L6l@A?>qJ}I");
        return printf("your token is %s\n");
    }
    v1 = 4242;
    v0 = getuid();
    printf("UID %d started us but we we expect %d\n");
    exit(1); /* do not return */
}

level13@SnowCrash:~$ gdb ./level13 
GNU gdb (Ubuntu/Linaro 7.4-2012.04-0ubuntu2.1) 7.4-2012.04
Copyright (C) 2012 Free Software Foundation, Inc.
License GPLv3+: GNU GPL version 3 or later <http://gnu.org/licenses/gpl.html>
This is free software: you are free to change and redistribute it.
There is NO WARRANTY, to the extent permitted by law.  Type "show copying"
and "show warranty" for details.
This GDB was configured as "i686-linux-gnu".
For bug reporting instructions, please see:
<http://bugs.launchpad.net/gdb-linaro/>...
Reading symbols from /home/user/level13/level13...(no debugging symbols found)...done.
(gdb) break main
Breakpoint 1 at 0x804858f
(gdb) run
Starting program: /home/user/level13/level13 

Breakpoint 1, 0x0804858f in main ()
(gdb) disas
Dump of assembler code for function main:
   0x0804858c <+0>:	push   %ebp
   0x0804858d <+1>:	mov    %esp,%ebp
=> 0x0804858f <+3>:	and    $0xfffffff0,%esp
   0x08048592 <+6>:	sub    $0x10,%esp
   0x08048595 <+9>:	call   0x8048380 <getuid@plt>
   0x0804859a <+14>:	cmp    $0x1092,%eax
   0x0804859f <+19>:	je     0x80485cb <main+63>
   0x080485a1 <+21>:	call   0x8048380 <getuid@plt>
   0x080485a6 <+26>:	mov    $0x80486c8,%edx
   0x080485ab <+31>:	movl   $0x1092,0x8(%esp)
   0x080485b3 <+39>:	mov    %eax,0x4(%esp)
   0x080485b7 <+43>:	mov    %edx,(%esp)
   0x080485ba <+46>:	call   0x8048360 <printf@plt>
   0x080485bf <+51>:	movl   $0x1,(%esp)
   0x080485c6 <+58>:	call   0x80483a0 <exit@plt>
   0x080485cb <+63>:	movl   $0x80486ef,(%esp)
   0x080485d2 <+70>:	call   0x8048474 <ft_des>
   0x080485d7 <+75>:	mov    $0x8048709,%edx
   0x080485dc <+80>:	mov    %eax,0x4(%esp)
   0x080485e0 <+84>:	mov    %edx,(%esp)
   0x080485e3 <+87>:	call   0x8048360 <printf@plt>
   0x080485e8 <+92>:	leave  
   0x080485e9 <+93>:	ret    
End of assembler dump.
(gdb) break *0x0804859a
(gdb) continue
Continuing.
Breakpoint 2, 0x0804859a in main ()
(gdb) print $eax
$1 = 2013
(gdb) disas
Dump of assembler code for function main:
   0x0804858c <+0>:	push   %ebp
   0x0804858d <+1>:	mov    %esp,%ebp
   0x0804858f <+3>:	and    $0xfffffff0,%esp
   0x08048592 <+6>:	sub    $0x10,%esp
   0x08048595 <+9>:	call   0x8048380 <getuid@plt>
=> 0x0804859a <+14>:	cmp    $0x1092,%eax
   0x0804859f <+19>:	je     0x80485cb <main+63>
   0x080485a1 <+21>:	call   0x8048380 <getuid@plt>
   0x080485a6 <+26>:	mov    $0x80486c8,%edx
   0x080485ab <+31>:	movl   $0x1092,0x8(%esp)
   0x080485b3 <+39>:	mov    %eax,0x4(%esp)
   0x080485b7 <+43>:	mov    %edx,(%esp)
   0x080485ba <+46>:	call   0x8048360 <printf@plt>
   0x080485bf <+51>:	movl   $0x1,(%esp)
   0x080485c6 <+58>:	call   0x80483a0 <exit@plt>
   0x080485cb <+63>:	movl   $0x80486ef,(%esp)
   0x080485d2 <+70>:	call   0x8048474 <ft_des>
   0x080485d7 <+75>:	mov    $0x8048709,%edx
   0x080485dc <+80>:	mov    %eax,0x4(%esp)
   0x080485e0 <+84>:	mov    %edx,(%esp)
   0x080485e3 <+87>:	call   0x8048360 <printf@plt>
   0x080485e8 <+92>:	leave  
   0x080485e9 <+93>:	ret    
End of assembler dump.
(gdb) set $eax = 4242
(gdb) print $eax
$2 = 4242
(gdb) continue
Continuing.
your token is 2A31L79asukciNyi8uppkEuSx